\BOOKMARK [1][-]{table.caption.2}{\376\377\000D\000a\000n\000h\000\040\000s\000\341\000c\000h\000\040\000t\000h\000\340\000n\000h\000\040\000v\000i\000\352\000n\000\040\000v\000\340\000\040\000n\000h\000i\036\307\000m\000\040\000v\036\345}{}% 1
\BOOKMARK [1][-]{section.1}{\376\377\000G\000i\036\333\000i\000\040\000t\000h\000i\036\307\000u\000\040\001\021\036\301\000\040\000t\000\340\000i}{}% 2
\BOOKMARK [1][-]{section.2}{\376\377\000Y\000\352\000u\000\040\000c\036\247\000u\000\040\000n\000g\001\260\036\335\000i\000\040\000d\000\371\000n\000g}{}% 3
\BOOKMARK [2][-]{subsection.2.1}{\376\377\000Y\000\352\000u\000\040\000c\036\247\000u\000\040\000c\000h\036\351\000c\000\040\000n\001\003\000n\000g}{section.2}% 4
\BOOKMARK [3][-]{subsubsection.2.1.1}{\376\377\000N\000h\000\363\000m\000\040\000c\000h\036\351\000c\000\040\000n\001\003\000n\000g\000\040\000g\000i\000\341\000m\000\040\000s\000\341\000t\000\040\000v\000\340\000\040\000t\000h\000u\000\040\000t\000h\036\255\000p}{subsection.2.1}% 5
\BOOKMARK [3][-]{subsubsection.2.1.2}{\376\377\000N\000h\000\363\000m\000\040\000c\000h\036\351\000c\000\040\000n\001\003\000n\000g\000\040\000p\000h\000\342\000n\000\040\000t\000\355\000c\000h}{subsection.2.1}% 6
\BOOKMARK [3][-]{subsubsection.2.1.3}{\376\377\000N\000h\000\363\000m\000\040\000c\000h\036\351\000c\000\040\000n\001\003\000n\000g\000\040\001\021\000i\036\301\000u\000\040\000k\000h\000i\036\303\000n\000\040\000v\000\340\000\040\000t\001\260\001\241\000n\000g\000\040\000t\000\341\000c}{subsection.2.1}% 7
\BOOKMARK [2][-]{subsection.2.2}{\376\377\000Y\000\352\000u\000\040\000c\036\247\000u\000\040\000p\000h\000i\000\040\000c\000h\036\351\000c\000\040\000n\001\003\000n\000g}{section.2}% 8
\BOOKMARK [1][-]{section.3}{\376\377\000U\000s\000e\000-\000c\000a\000s\000e\000s}{}% 9
\BOOKMARK [2][-]{subsection.3.1}{\376\377\000U\000s\000e\000-\000c\000a\000s\000e\000\040\040\023\000\040\000T\000o\000\340\000n\000\040\000b\036\331\000\040\000h\036\307\000\040\000t\000h\036\321\000n\000g}{section.3}% 10
\BOOKMARK [3][-]{subsubsection.3.1.1}{\376\377\000D\000i\000a\000g\000r\000a\000m}{subsection.3.1}% 11
\BOOKMARK [3][-]{subsubsection.3.1.2}{\376\377\000D\000e\000t\000a\000i\000l\000s\000\040\000\050\000S\000c\000e\000n\000a\000r\000i\000o\000\051}{subsection.3.1}% 12
\BOOKMARK [0][-]{subsubsubsection.3.1.2.1}{\376\377\000D\036\361\000\040\001\021\000o\000\341\000n\000\040\001\021\036\331\000\040\036\251\000m}{}% 13
\BOOKMARK [0][-]{subsubsubsection.3.1.2.2}{\376\377\000X\000\341\000c\000\040\001\021\036\313\000n\000h\000\040\000s\000\342\000u\000\040\000b\036\307\000n\000h\000\040\000d\036\361\000a\000\040\000t\000r\000\352\000n\000\040\000h\000\354\000n\000h\000\040\036\243\000n\000h}{}% 14
\BOOKMARK [0][-]{subsubsubsection.3.1.2.3}{\376\377\000X\000e\000m\000\040\000b\036\243\000n\000g\000\040\000d\036\357\000\040\000l\000i\036\307\000u\000\040\000m\000\364\000i\000\040\000t\000r\001\260\036\335\000n\000g}{}% 15
\BOOKMARK [0][-]{subsubsubsection.3.1.2.4}{\376\377\000T\001\260\036\333\000i\000\040\000n\001\260\036\333\000c\000\040\000t\000h\036\347\000\040\000c\000\364\000n\000g}{}% 16
\BOOKMARK [0][-]{subsubsubsection.3.1.2.5}{\376\377\001\020\036\267\000t\000\040\000l\036\313\000c\000h\000\040\000t\001\260\036\333\000i\000\040\000n\001\260\036\333\000c\000\040\000t\036\361\000\040\001\021\036\331\000n\000g}{}% 17
\BOOKMARK [0][-]{subsubsubsection.3.1.2.6}{\376\377\000N\000h\036\255\000n\000\040\000v\000\340\000\040\000x\000e\000m\000\040\000t\000h\000\364\000n\000g\000\040\000b\000\341\000o}{}% 18
\BOOKMARK [0][-]{subsubsubsection.3.1.2.7}{\376\377\001\020\001\003\000n\000g\000\040\000x\000u\036\245\000t}{}% 19
\BOOKMARK [1][-]{subsection.3.2}{\376\377\000U\000s\000e\000-\000c\000a\000s\000e\000\040\000c\000h\000i\000\040\000t\000i\036\277\000t\000\040\000c\000h\000o\000\040\000r\000o\000l\000e\000\040\000A\000d\000m\000i\000n}{subsubsubsection.3.1.2.7}% 20
\BOOKMARK [2][-]{subsubsection.3.2.1}{\376\377\000D\000i\000a\000g\000r\000a\000m}{subsection.3.2}% 21
\BOOKMARK [3][-]{subsubsection.3.2.2}{\376\377\000D\000e\000t\000a\000i\000l\000s\000\040\000\050\000S\000c\000e\000n\000a\000r\000i\000o\000\051}{subsubsection.3.2.1}% 22
\BOOKMARK [0][-]{subsubsubsection.3.2.2.1}{\376\377\000X\000e\000m\000\040\000d\000a\000n\000h\000\040\000s\000\341\000c\000h\000\040\000n\000g\001\260\036\335\000i\000\040\000d\000\371\000n\000g}{}% 23
\BOOKMARK [0][-]{subsubsubsection.3.2.2.2}{\376\377\000X\000e\000m\000\040\000d\000a\000n\000h\000\040\000s\000\341\000c\000h\000\040\000n\000g\001\260\036\335\000i\000\040\000d\000\371\000n\000g}{}% 24
\BOOKMARK [1][-]{section.4}{\376\377\000A\000d\000a\000f\000r\000u\000i\000t\000\040\000v\000\340\000\040\000t\000h\000i\036\277\000t\000\040\000b\036\313}{subsubsubsection.3.2.2.2}% 25
\BOOKMARK [2][-]{subsection.4.1}{\376\377\000A\000d\000a\000f\000r\000u\000i\000t}{section.4}% 26
\BOOKMARK [3][-]{subsubsection.4.1.1}{\376\377\000A\000d\000a\000f\000r\000u\000i\000t\000\040\000I\000O}{subsection.4.1}% 27
\BOOKMARK [3][-]{subsubsection.4.1.2}{\376\377\000C\000\341\000c\000\040\000c\000h\036\351\000c\000\040\000n\001\003\000n\000g\000\040\000c\000h\000\355\000n\000h\000\040\000c\036\347\000a\000\040\000A\000d\000a\000f\000r\000u\000i\000t\000\040\000I\000O}{subsection.4.1}% 28
\BOOKMARK [3][-]{subsubsection.4.1.3}{\376\377\000C\000\341\000c\000h\000\040\000h\000o\036\241\000t\000\040\001\021\036\331\000n\000g\000\040\000c\036\347\000a\000\040\000A\000d\000a\000f\000r\000u\000i\000t\000\040\000I\000O}{subsection.4.1}% 29
\BOOKMARK [2][-]{subsection.4.2}{\376\377\000T\000h\000i\036\277\000t\000\040\000k\036\277\000\040\000h\036\307\000\040\000t\000h\036\321\000n\000g\000\040\000v\000\340\000\040\000l\036\361\000a\000\040\000c\000h\036\315\000n\000\040\000t\000h\000i\036\277\000t\000\040\000b\036\313}{section.4}% 30
\BOOKMARK [2][-]{subsection.4.3}{\376\377\000K\036\277\000t\000\040\000n\036\321\000i\000\040\000p\000h\036\247\000n\000\040\000c\036\351\000n\000g}{section.4}% 31
\BOOKMARK [2][-]{subsection.4.4}{\376\377\000T\000h\000i\036\277\000t\000\040\000k\036\277\000\040\000d\000a\000s\000h\000b\000o\000a\000r\000d\000\040\000g\000i\000\341\000m\000\040\000s\000\341\000t}{section.4}% 32
\BOOKMARK [1][-]{section.5}{\376\377\000H\000i\036\307\000n\000\040\000t\000h\036\361\000c\000\040\000h\036\307\000\040\000t\000h\036\321\000n\000g}{subsubsubsection.3.2.2.2}% 33
\BOOKMARK [2][-]{subsection.5.1}{\376\377\000T\000r\000i\036\303\000n\000\040\000k\000h\000a\000i\000\040\000p\000h\036\247\000n\000\040\000m\036\301\000m}{section.5}% 34
\BOOKMARK [3][-]{subsubsection.5.1.1}{\376\377\000G\000i\036\333\000i\000\040\000t\000h\000i\036\307\000u}{subsection.5.1}% 35
\BOOKMARK [3][-]{subsubsection.5.1.2}{\376\377\000T\036\325\000n\000g\000\040\000q\000u\000a\000n}{subsection.5.1}% 36
\BOOKMARK [3][-]{subsubsection.5.1.3}{\376\377\000G\000i\000a\000o\000\040\000d\000i\036\307\000n\000\040\001\021\001\003\000n\000g\000\040\000k\000\355\000,\000\040\001\021\001\003\000n\000g\000\040\000n\000h\036\255\000p}{subsection.5.1}% 37
\BOOKMARK [0][-]{subsubsubsection.5.1.3.1}{\376\377\000G\000i\000a\000o\000\040\000d\000i\036\307\000n\000\040\001\021\001\003\000n\000g\000\040\000k\000\355}{}% 38
\BOOKMARK [0][-]{subsubsubsection.5.1.3.2}{\376\377\000G\000i\000a\000o\000\040\000d\000i\036\307\000n\000\040\001\021\001\003\000n\000g\000\040\000n\000h\036\255\000p}{}% 39
\BOOKMARK [1][-]{subsubsection.5.1.4}{\376\377\000G\000i\000a\000o\000\040\000d\000i\036\307\000n\000\040\000p\000h\036\247\000n\000\040\000c\000\340\000i\000\040\001\021\036\267\000t\000\040\000c\036\347\000a\000\040\000h\036\307\000\040\000t\000h\036\321\000n\000g}{subsubsubsection.5.1.3.2}% 40
\BOOKMARK [2][-]{subsubsection.5.1.5}{\376\377\000G\000i\000a\000o\000\040\000d\000i\036\307\000n\000\040\000D\000a\000s\000h\000b\000o\000a\000r\000d}{subsubsection.5.1.4}% 41
\BOOKMARK [3][-]{subsubsection.5.1.6}{\376\377\000G\000i\000a\000o\000\040\000d\000i\036\307\000n\000\040\001\021\000i\036\301\000u\000\040\000k\000h\000i\036\303\000n}{subsubsection.5.1.5}% 42
\BOOKMARK [3][-]{subsubsection.5.1.7}{\376\377\000G\000i\000a\000o\000\040\000d\000i\036\307\000n\000\040\000p\000h\036\247\000n\000\040\000l\036\313\000c\000h\000\040\000t\000r\000\354\000n\000h}{subsubsection.5.1.5}% 43
\BOOKMARK [3][-]{subsubsection.5.1.8}{\376\377\000G\000i\000a\000o\000\040\000d\000i\036\307\000n\000\040\000h\036\307\000\040\000t\000h\036\321\000n\000g\000\040\000t\000h\000\364\000n\000g\000\040\000b\000\341\000o}{subsubsection.5.1.5}% 44
\BOOKMARK [2][-]{subsection.5.2}{\376\377\000H\000u\036\245\000n\000\040\000l\000u\000y\036\307\000n\000\040\000A\000I\000\040\000n\000h\036\255\000n\000\040\000d\000i\036\307\000n\000\040\000l\000\341\000\040\000c\000\342\000y\000\040\000b\036\307\000n\000h}{subsubsection.5.1.4}% 45
\BOOKMARK [1][-]{section.6}{\376\377\000M\000\364\000\040\000t\036\243\000\040\000d\000e\000s\000i\000g\000n\000\040\000p\000a\000t\000t\000e\000r\000n\000\040\000v\000\340\000\040\000D\000e\000p\000l\000o\000y\000\040\000h\036\307\000\040\000t\000h\036\321\000n\000g}{subsubsubsection.5.1.3.2}% 46
\BOOKMARK [2][-]{subsection.6.1}{\376\377\000K\000i\036\277\000n\000\040\000t\000r\000\372\000c\000\040\000c\000\341\000c\000\040\000d\000e\000s\000i\000g\000n\000\040\000p\000a\000t\000t\000e\000r\000n\000\040\001\021\001\260\036\343\000c\000\040\000s\036\355\000\040\000d\036\345\000n\000g}{section.6}% 47
\BOOKMARK [2][-]{subsection.6.2}{\376\377\000D\000e\000p\000l\000o\000y\000\040\000h\036\307\000\040\000t\000h\036\321\000n\000g}{section.6}% 48
\BOOKMARK [3][-]{subsubsection.6.2.1}{\376\377\000D\000e\000p\000l\000o\000y\000\040\000f\000r\000o\000n\000t\000e\000n\000d}{subsection.6.2}% 49
\BOOKMARK [3][-]{subsubsection.6.2.2}{\376\377\000D\000e\000p\000l\000o\000y\000\040\000b\000a\000c\000k\000e\000n\000d}{subsection.6.2}% 50
\BOOKMARK [0][-]{subsubsubsection.6.2.2.1}{\376\377\000P\000h\036\247\000n\000\040\000s\000e\000r\000v\000e\000r}{}% 51
\BOOKMARK [0][-]{subsubsubsection.6.2.2.2}{\376\377\000P\000h\036\247\000n\000\040\000A\000I\000\040\000x\036\355\000\040\000l\000\375\000\040\000s\000\342\000u\000\040\000b\036\307\000n\000h}{}% 52
\BOOKMARK [1][-]{subsubsection.6.2.3}{\376\377\000C\001\241\000\040\000c\000h\036\277\000\040\000h\000o\036\241\000t\000\040\001\021\036\331\000n\000g}{subsubsubsection.6.2.2.2}% 53
\BOOKMARK [1][-]{section.7}{\376\377\001\020\001\260\036\335\000n\000g\000\040\000l\000i\000n\000k\000\040\000h\036\307\000\040\000t\000h\036\321\000n\000g\000\040\000v\000\340\000\040\000m\000\343\000\040\000n\000g\000u\036\323\000n}{subsubsubsection.6.2.2.2}% 54
